2020-06-18 21:14:42 - Microsoft (R) F# Interactive version  for F# 
2020-06-18 21:14:42 - Copyright (c) Microsoft Corporation. All Rights Reserved.
2020-06-18 21:14:42 - For help type #help;;
2020-06-18 21:14:42 - > val it :
2020-06-18 21:14:42 -   ResizeArray<System.Type *
2020-06-18 21:14:42 -               (obj ->
2020-06-18 21:14:42 -                  seq<string *
2020-06-18 21:14:42 -                      string> *
2020-06-18 21:14:42 -                  string)>
2020-06-18 21:14:42 - = seq []
2020-06-18 21:14:42 - --> Referenced '/Library/Frameworks/Mono.framework/Versions/6.8.0/lib/mono/4.5/Facades/netstandard.dll' (file may be locked by F# Interactive process)
2020-06-18 21:14:42 - --> Added '/Users/ruiter/Downloads/IfSharp' to library include path
2020-06-18 21:14:42 - --> Referenced '/Users/ruiter/Downloads/IfSharp/IfSharp.Kernel.dll' (file may be locked by F# Interactive process)
2020-06-18 21:14:44 - Reporting 0 opened comms
2020-06-18 21:17:05 - Microsoft (R) F# Interactive version  for F# 
2020-06-18 21:17:05 - Copyright (c) Microsoft Corporation. All Rights Reserved.
2020-06-18 21:17:05 - For help type #help;;
2020-06-18 21:17:05 - > val it :
2020-06-18 21:17:05 -   ResizeArray<System.Type *
2020-06-18 21:17:05 -               (obj ->
2020-06-18 21:17:05 -                  seq<string *
2020-06-18 21:17:05 -                      string> *
2020-06-18 21:17:05 -                  string)>
2020-06-18 21:17:05 - = seq []
2020-06-18 21:17:05 - --> Referenced '/Library/Frameworks/Mono.framework/Versions/6.8.0/lib/mono/4.5/Facades/netstandard.dll' (file may be locked by F# Interactive process)
2020-06-18 21:17:05 - --> Added '/Users/ruiter/Downloads/IfSharp' to library include path
2020-06-18 21:17:05 - --> Referenced '/Users/ruiter/Downloads/IfSharp/IfSharp.Kernel.dll' (file may be locked by F# Interactive process)
2020-06-18 21:17:06 - Reporting 0 opened comms
2020-06-18 21:17:19 - 6*7
2020-06-18 21:17:55 - let quadrado n = n * n
2020-06-18 21:17:55 - let menor n m =  
2020-06-18 21:17:55 -     if n <= m then n 
2020-06-18 21:17:55 -     else m
2020-06-18 21:18:08 - quadrado 3 + 4
2020-06-18 21:18:18 - quadrado (3 + 4)
2020-06-18 21:18:25 - menor 3 4
2020-06-18 21:18:28 - quadrado ( menor 3 4 )
2020-06-18 21:18:35 - quadrado ( menor 5 4 )
2020-06-18 21:18:42 - quadrado ( menor 3 4 )
2020-06-18 21:19:04 - let lado =  12
2020-06-18 21:19:04 - let area = quadrado lado
2020-06-18 21:19:06 - menor (area + 4) 150
2020-06-18 21:20:06 - let ay x =  'A'   
2020-06-18 21:20:13 - let bee x  = x + ay x  
2020-06-18 21:20:26 - let ay x =  'A'   
2020-06-18 21:20:26 - ay 6
2020-06-18 21:20:35 - let bee x  = x + ay x 
2020-06-18 21:20:35 - bee 4
2020-06-18 21:20:35 - This expression was expected to have type
2020-06-18 21:20:35 -     'char'    
2020-06-18 21:20:35 - but here has type
2020-06-18 21:20:35 -     'int'    
2020-06-18 21:21:28 - 6*7
2020-06-18 21:21:29 - let quadrado n = n * n
2020-06-18 21:21:29 - let menor n m =  
2020-06-18 21:21:29 -     if n <= m then n 
2020-06-18 21:21:29 -     else m
2020-06-18 21:21:31 - quadrado (3 + 4)
2020-06-18 21:21:32 - menor 3 4
2020-06-18 21:21:33 - quadrado ( menor 3 4 )
2020-06-18 21:21:34 - let lado =  12
2020-06-18 21:21:34 - let area = quadrado lado
2020-06-18 21:21:35 - menor (area + 4) 150
2020-06-18 21:21:40 - let ay x =  'A'   
2020-06-18 21:21:40 - ay 6
2020-06-18 21:21:41 - let bee x  = x + ay x 
2020-06-18 21:21:41 - bee 4
2020-06-18 21:21:41 - This expression was expected to have type
2020-06-18 21:21:41 -     'char'    
2020-06-18 21:21:41 - but here has type
2020-06-18 21:21:41 -     'int'    
2020-06-18 21:23:51 - let dobro1 x = x + x
2020-06-18 21:23:51 - let dobro2 x = 2 * x
2020-06-18 21:24:40 - Dependendo do procedimento escolhido uma definição pode ser mais ou menos eficiente, no sentido de que as reduções de uma implementação podem ser menores , portanto mais rápida, que de uma outra.
2020-06-18 21:24:40 - Unexpected keyword 'do' in interaction. Expected incomplete structured construct at or before this point, ';', ';;' or other token.
2020-06-18 21:24:40 - parse error
2020-06-18 21:25:17 - dobro1 (4) = dobro2(4)
2020-06-18 21:25:27 - ((3 + 5) * 6) / (9 ^ 2)
2020-06-18 21:25:27 - This construct is for ML compatibility. Consider using the '+' operator instead. This may require a type annotation to indicate it acts on strings. This message can be disabled using '--nowarn:62' or '#nowarn "62"'.
2020-06-18 21:25:27 - The type 'string' does not match the type 'int'
2020-06-18 21:25:27 - This expression was expected to have type
2020-06-18 21:25:27 -     'string'    
2020-06-18 21:25:27 - but here has type
2020-06-18 21:25:27 -     'int'    
2020-06-18 21:25:27 - This expression was expected to have type
2020-06-18 21:25:27 -     'string'    
2020-06-18 21:25:27 - but here has type
2020-06-18 21:25:27 -     'int'    
2020-06-18 21:25:27 - The type 'string' does not match the type 'int'
2020-06-18 21:26:00 - ((3 + 5) * 6) / (9 ** 2)
2020-06-18 21:26:00 - The type 'int' does not support the operator 'Pow'
2020-06-18 21:26:12 - ((3 + 5) * 6) / (9.0 ** 2.0)
2020-06-18 21:26:12 - The type 'float' does not match the type 'int'
2020-06-18 21:26:12 - The type 'float' does not match the type 'int'
2020-06-18 21:26:23 - ((3.0 + 5.0) * 6.0) / (9.0 ** 2.0)
2020-06-18 21:27:16 - seq {1..3..9}
2020-06-18 21:27:32 - seq {1..2..9}
2020-06-18 21:27:45 - seq {1..2..10}
2020-06-18 21:28:00 - seq {1..2..10}
2020-06-18 21:28:11 - seq {1..3}
2020-06-18 21:28:25 - seq{0..2..8}
2020-06-18 21:28:38 - seq{0 .. 2 .. 8}
2020-06-18 21:29:04 - seq{0..9}
2020-06-18 21:31:35 - seq { 0 .. 10 .. 100 }
2020-06-18 21:39:21 - (4+2,3-1)
2020-06-18 21:39:24 - ([2,3,4],3-1)
2020-06-18 21:39:44 - f x y = (a + 1) * (a + 2)
2020-06-18 21:39:44 -         where a = (x + y) / 2     
2020-06-18 21:39:44 - The value or constructor 'f' is not defined.
2020-06-18 21:39:44 - The value or constructor 'a' is not defined.
2020-06-18 21:39:44 - The value or constructor 'a' is not defined.
2020-06-18 21:39:44 - The value or constructor 'where' is not defined.
2020-06-18 21:39:44 - The value or constructor 'a' is not defined.
2020-06-18 21:39:44 - The value or constructor 'x' is not defined.
2020-06-18 21:39:44 - The value or constructor 'y' is not defined.
2020-06-18 21:39:55 - let f x y = (a + 1) * (a + 2)
2020-06-18 21:39:55 -         where a = (x + y) / 2     
2020-06-18 21:39:55 - Unexpected identifier in binding. Expected incomplete structured construct at or before this point or other token.
2020-06-18 21:39:55 - Incomplete value or function definition. If this is in an expression, the body of the expression must be indented to the same column as the 'let' keyword.
2020-06-18 21:39:55 - Unexpected start of structured construct in expression
2020-06-18 21:39:55 - Error in the return expression for this 'let'. Possible incorrect indentation.
2020-06-18 21:40:20 - let f x y = 
2020-06-18 21:40:20 -     let a = (x + y) / 2
2020-06-18 21:40:20 -     (a + 1) * (a + 2)      
2020-06-18 21:40:26 - f 3 3
2020-06-18 21:40:48 - [1.1..3.1]
2020-06-18 21:41:22 - seq {1.1..3.1}
2020-06-18 21:42:46 - seq {1.1..3.2}
2020-06-18 21:42:51 - seq {1.1..9.3}
2020-06-18 21:42:55 - seq {9.0..1.0}
2020-06-18 21:43:02 - [1.1,1.2..3.1]
2020-06-18 21:43:02 - Expecting a type supporting the operator '+' but given a tuple type
2020-06-18 21:43:02 - This expression was expected to have type
2020-06-18 21:43:02 -     'obj * obj'    
2020-06-18 21:43:02 - but here has type
2020-06-18 21:43:02 -     'float'    
2020-06-18 21:43:33 - seq {1.1,1.2..3.1|
2020-06-18 21:43:33 - Unexpected symbol '|' in expression. Expected '}' or other token.
2020-06-18 21:43:33 - Unmatched '{'
2020-06-18 21:43:33 - Expecting a type supporting the operator '+' but given a tuple type
2020-06-18 21:43:33 - This expression was expected to have type
2020-06-18 21:43:33 -     'obj * obj'    
2020-06-18 21:43:33 - but here has type
2020-06-18 21:43:33 -     'float'    
2020-06-18 21:43:38 - seq {1.1..1.2..3.1|
2020-06-18 21:43:38 - Unexpected symbol '|' in expression. Expected '}' or other token.
2020-06-18 21:43:38 - Unmatched '{'
2020-06-18 21:43:46 - seq {1.1..1.2..3.1}
2020-06-18 21:43:57 - seq {1.1 .. 1.2 .. 3.1}
2020-06-18 21:44:17 - seq {1.1 .. 1.2 .. 5.1}
2020-06-18 21:44:51 - fst (2.3,4)
2020-06-18 21:44:54 - snd (2.3,4)
2020-06-18 21:45:02 - areacirc r = const * r ^ 2
2020-06-18 21:45:02 -                  where const = 3.14
2020-06-18 21:45:02 - Unexpected keyword 'const' in expression
2020-06-18 21:45:02 - parse error
2020-06-18 21:50:00 - let areacirc r = 
2020-06-18 21:50:00 -     let const = 3.14
2020-06-18 21:50:00 -      const * r ^ 2
2020-06-18 21:50:00 - Unexpected keyword 'const' in binding
2020-06-18 21:50:00 - The block following this 'let' is unfinished. Every code block is an expression and must have a result. 'let' cannot be the final code element in a block. Consider giving this block an explicit result.
2020-06-18 21:50:03 - let areacirc r = 
2020-06-18 21:50:03 -     let const = 3.14
2020-06-18 21:50:03 -      const * r ^ 2
2020-06-18 21:50:03 - Unexpected keyword 'const' in binding
2020-06-18 21:50:03 - The block following this 'let' is unfinished. Every code block is an expression and must have a result. 'let' cannot be the final code element in a block. Consider giving this block an explicit result.
2020-06-18 21:50:35 - let areacirc r =  
2020-06-18 21:50:35 -          let const = 3.14
2020-06-18 21:50:35 -          return const * r ^ 2
2020-06-18 21:50:35 - Unexpected keyword 'const' in binding
2020-06-18 21:50:35 - Unexpected keyword 'const' in expression
2020-06-18 21:50:46 - let areacirc r =  
2020-06-18 21:50:46 -          let const1 = 3.14
2020-06-18 21:50:46 -          return const1 * r ^ 2
2020-06-18 21:50:46 - This construct may only be used within computation expressions. To return a value from an ordinary function simply write the expression without 'return'.
2020-06-18 21:50:57 - let areacirc r =  
2020-06-18 21:50:57 -          let const1 = 3.14
2020-06-18 21:50:57 -          const1 * r ^ 2
2020-06-18 21:50:57 - This construct is for ML compatibility. Consider using the '+' operator instead. This may require a type annotation to indicate it acts on strings. This message can be disabled using '--nowarn:62' or '#nowarn "62"'.
2020-06-18 21:50:57 - This expression was expected to have type
2020-06-18 21:50:57 -     'string'    
2020-06-18 21:50:57 - but here has type
2020-06-18 21:50:57 -     'int'    
2020-06-18 21:50:57 - The type 'string' does not match the type 'float'
2020-06-18 21:51:11 - let areacirc r =  
2020-06-18 21:51:11 -          let const1 = 3.14
2020-06-18 21:51:11 -          const1 * (r ** 2)
2020-06-18 21:51:11 - The type 'int' does not match the type 'float'
2020-06-18 21:51:25 - let areacirc r =  
2020-06-18 21:51:25 -          let const1 = 3.14
2020-06-18 21:51:25 -          const1 * (r ** 2.0)
2020-06-18 21:51:53 - areacirc 5
2020-06-18 21:51:53 - This expression was expected to have type
2020-06-18 21:51:53 -     'float'    
2020-06-18 21:51:53 - but here has type
2020-06-18 21:51:53 -     'int'    
2020-06-18 21:51:58 - areacirc 5.0
2020-06-18 21:52:12 - 1 <  2  &&  2 < 3   
2020-06-18 21:52:13 - not (1 < 2)
2020-06-18 21:52:14 - 3 < 2  &&  (2 < 3 || 1 == 2)
2020-06-18 21:52:14 - The type 'int' does not support the operator '=='
2020-06-18 21:52:22 - 3 < 2  &&  (2 < 3 || 1 = 2)
2020-06-18 21:52:45 - (4+2,4.0)
2020-06-18 21:52:46 - (3,4) == (4,3)
2020-06-18 21:52:46 - Expecting a type supporting the operator '==' but given a tuple type
2020-06-18 21:52:50 - (3,4) = (4,3)
2020-06-18 21:52:52 - (3,6) < (4,2)
2020-06-18 21:52:57 - igualPi x = x == const
2020-06-18 21:52:57 -         where const = 3.14
2020-06-18 21:52:57 - Unexpected keyword 'const' in expression
2020-06-18 21:52:57 - parse error
2020-06-18 21:53:33 - igualPi x = 
2020-06-18 21:53:33 -         let const1 = 3.14
2020-06-18 21:53:33 -         x == const1
2020-06-18 21:53:33 - Unexpected identifier in expression. Expected 'in' or other token.
2020-06-18 21:53:33 - parse error
2020-06-18 21:53:40 - igualPi x = 
2020-06-18 21:53:40 -         let const1 = 3.14
2020-06-18 21:53:40 -         x = const1
2020-06-18 21:53:40 - Unexpected identifier in expression. Expected 'in' or other token.
2020-06-18 21:53:40 - parse error
2020-06-18 21:53:48 - let igualPi x = 
2020-06-18 21:53:48 -         let const1 = 3.14
2020-06-18 21:53:48 -         x = const1
2020-06-18 21:53:51 - igualPi 3.15
